<?xml version="1.0" encoding="UTF-8"?>
<testsuite xmlns:xsi="http://www.w3.org/2001/XMLSchema-instance" xsi:noNamespaceSchemaLocation="https://maven.apache.org/surefire/maven-surefire-plugin/xsd/surefire-test-report-3.0.xsd" version="3.0" name="com.websiteReview.WebsiteReviewApplicationTests" time="9.695" tests="1" errors="0" skipped="0" failures="0">
  <properties>
[...]
</properties>
  <testcase name="contextLoads" classname="com.websiteReview.WebsiteReviewApplicationTests" time="0.43">
    <system-out><![CDATA[15:49:43.190 [main] INFO org.springframework.test.context.support.AnnotationConfigContextLoaderUtils -- Could not detect default configuration classes for test class [com.websiteReview.WebsiteReviewApplicationTests]: WebsiteReviewApplicationTests does not declare any static, non-private, non-final, nested classes annotated with @Configuration.
15:49:43.304 [main] INFO org.springframework.boot.test.context.SpringBootTestContextBootstrapper -- Found @SpringBootConfiguration com.websiteReview.WebsiteReviewApplication for test class com.websiteReview.WebsiteReviewApplicationTests

  .   ____          _            __ _ _
 /\\ / ___'_ __ _ _(_)_ __  __ _ \ \ \ \
( ( )\___ | '_ | '_| | '_ \/ _` | \ \ \ \
 \\/  ___)| |_)| | | | | || (_| |  ) ) ) )
  '  |____| .__|_| |_|_| |_\__, | / / / /
 =========|_|==============|___/=/_/_/_/
 :: Spring Boot ::                (v3.1.1)

2023-08-21T15:49:43.815+05:45  INFO 1044 --- [           main] c.w.WebsiteReviewApplicationTests        : Starting WebsiteReviewApplicationTests using Java 19.0.2 with PID 1044 (started by DIPENDRA  BHATT in D:\STS_workspace\websiteReview)
2023-08-21T15:49:43.817+05:45  INFO 1044 --- [           main] c.w.WebsiteReviewApplicationTests        : The following 1 profile is active: "dev"
2023-08-21T15:49:45.221+05:45  INFO 1044 --- [           main] .s.d.r.c.RepositoryConfigurationDelegate : Bootstrapping Spring Data JPA repositories in DEFAULT mode.
2023-08-21T15:49:45.334+05:45  INFO 1044 --- [           main] .s.d.r.c.RepositoryConfigurationDelegate : Finished Spring Data repository scanning in 105 ms. Found 12 JPA repository interfaces.
2023-08-21T15:49:46.800+05:45  INFO 1044 --- [           main] o.hibernate.jpa.internal.util.LogHelper  : HHH000204: Processing PersistenceUnitInfo [name: default]
2023-08-21T15:49:46.944+05:45  INFO 1044 --- [           main] org.hibernate.Version                    : HHH000412: Hibernate ORM core version 6.2.5.Final
2023-08-21T15:49:46.947+05:45  INFO 1044 --- [           main] org.hibernate.cfg.Environment            : HHH000406: Using bytecode reflection optimizer
2023-08-21T15:49:47.148+05:45  INFO 1044 --- [           main] o.h.b.i.BytecodeProviderInitiator        : HHH000021: Bytecode provider name : bytebuddy
2023-08-21T15:49:47.314+05:45  INFO 1044 --- [           main] o.s.o.j.p.SpringPersistenceUnitInfo      : No LoadTimeWeaver setup: ignoring JPA class transformer
2023-08-21T15:49:47.333+05:45  INFO 1044 --- [           main] com.zaxxer.hikari.HikariDataSource       : HikariPool-1 - Starting...
2023-08-21T15:49:47.829+05:45  INFO 1044 --- [           main] com.zaxxer.hikari.pool.HikariPool        : HikariPool-1 - Added connection com.mysql.cj.jdbc.ConnectionImpl@2833c093
2023-08-21T15:49:47.831+05:45  INFO 1044 --- [           main] com.zaxxer.hikari.HikariDataSource       : HikariPool-1 - Start completed.
2023-08-21T15:49:48.256+05:45  INFO 1044 --- [           main] o.h.b.i.BytecodeProviderInitiator        : HHH000021: Bytecode provider name : bytebuddy
2023-08-21T15:49:49.093+05:45  INFO 1044 --- [           main] o.h.e.t.j.p.i.JtaPlatformInitiator       : HHH000490: Using JtaPlatform implementation: [org.hibernate.engine.transaction.jta.platform.internal.NoJtaPlatform]
Hibernate: alter table about_review_product modify column ease_of_use_rating  float(53) not null
Hibernate: alter table about_review_product modify column meets_requirement_rating  float(53) not null
Hibernate: alter table about_review_product modify column notion_direction_rating  float(53) not null
Hibernate: alter table about_review_product modify column quality_support_rating  float(53) not null
Hibernate: alter table comment modify column date  datetime(6)
Hibernate: alter table pricing modify column price  float(53) not null
Hibernate: alter table question modify column date  datetime(6)
Hibernate: alter table refresh_token modify column expiry  datetime(6)
Hibernate: alter table review modify column rating  float(53) not null
Hibernate: alter table software modify column ease_of_use_rating  float(53) not null
Hibernate: alter table software modify column features  TEXT
Hibernate: alter table software modify column meets_requirement_rating  float(53) not null
Hibernate: alter table software modify column notion_direction_rating  float(53) not null
Hibernate: alter table software modify column quality_support_rating  float(53) not null
Hibernate: alter table software modify column rating  float(53) not null
2023-08-21T15:49:49.408+05:45  INFO 1044 --- [           main] j.LocalContainerEntityManagerFactoryBean : Initialized JPA EntityManagerFactory for persistence unit 'default'
2023-08-21T15:49:50.149+05:45  INFO 1044 --- [           main] o.s.d.j.r.query.QueryEnhancerFactory     : Hibernate is in classpath; If applicable, HQL parser will be used.
2023-08-21T15:49:50.732+05:45  WARN 1044 --- [           main] JpaBaseConfiguration$JpaWebConfiguration : spring.jpa.open-in-view is enabled by default. Therefore, database queries may be performed during view rendering. Explicitly configure spring.jpa.open-in-view to disable this warning
2023-08-21T15:49:51.674+05:45  INFO 1044 --- [           main] o.s.b.a.e.web.EndpointLinksResolver      : Exposing 1 endpoint(s) beneath base path '/actuator'
2023-08-21T15:49:51.796+05:45  INFO 1044 --- [           main] o.s.s.web.DefaultSecurityFilterChain     : Will secure any request with [org.springframework.security.web.session.DisableEncodeUrlFilter@321f97d9, org.springframework.security.web.context.request.async.WebAsyncManagerIntegrationFilter@3a4e3343, org.springframework.security.web.context.SecurityContextHolderFilter@5a0379e2, org.springframework.security.web.header.HeaderWriterFilter@5c5812c, org.springframework.security.web.authentication.logout.LogoutFilter@487befb, com.websiteReview.Security.JwtAuthenticationFilter@2643c33f, org.springframework.security.web.savedrequest.RequestCacheAwareFilter@6fb9179e, org.springframework.security.web.servletapi.SecurityContextHolderAwareRequestFilter@3edea9e6, org.springframework.security.web.authentication.AnonymousAuthenticationFilter@64e06cf0, org.springframework.security.web.session.SessionManagementFilter@5c8adab7, org.springframework.security.web.access.ExceptionTranslationFilter@7b81283, org.springframework.security.web.access.intercept.AuthorizationFilter@6f3628c2]
2023-08-21T15:49:52.153+05:45  INFO 1044 --- [           main] c.w.WebsiteReviewApplicationTests        : Started WebsiteReviewApplicationTests in 8.7 seconds (process running for 11.148)
]]></system-out>
  </testcase>
</testsuite>